0 info it worked if it ends with ok
1 verbose cli [ '/Users/raysmith/.node/bin/node',
1 verbose cli   '/Users/raysmith/.node/bin/npm',
1 verbose cli   'run',
1 verbose cli   'start' ]
2 info using npm@3.8.6
3 info using node@v6.1.0
4 verbose run-script [ 'prestart', 'start', 'poststart' ]
5 info lifecycle events-list-app@1.0.0~prestart: events-list-app@1.0.0
6 silly lifecycle events-list-app@1.0.0~prestart: no script for prestart, continuing
7 info lifecycle events-list-app@1.0.0~start: events-list-app@1.0.0
8 verbose lifecycle events-list-app@1.0.0~start: unsafe-perm in lifecycle true
9 verbose lifecycle events-list-app@1.0.0~start: PATH: /Users/raysmith/.node/lib/node_modules/npm/bin/node-gyp-bin:/Users/raysmith/Documents/hunkydory/xcodeIOSProjects/EventsList/web/app/node_modules/.bin:/Users/raysmith/.node/bin:/Users/raysmith/.node/bin:/Library/Frameworks/Python.framework/Versions/2.7/bin:/usr/local/mysql/bin:/Users/raysmith/pear/bin:/usr/local/bin:/usr/bin:/bin:/usr/sbin:/sbin
10 verbose lifecycle events-list-app@1.0.0~start: CWD: /Users/raysmith/Documents/hunkydory/xcodeIOSProjects/EventsList/web/app
11 silly lifecycle events-list-app@1.0.0~start: Args: [ '-c', 'webpack-dev-server --inline' ]
12 silly lifecycle events-list-app@1.0.0~start: Returned: code: 1  signal: null
13 info lifecycle events-list-app@1.0.0~start: Failed to exec start script
14 verbose stack Error: events-list-app@1.0.0 start: `webpack-dev-server --inline`
14 verbose stack Exit status 1
14 verbose stack     at EventEmitter.<anonymous> (/Users/raysmith/.node/lib/node_modules/npm/lib/utils/lifecycle.js:239:16)
14 verbose stack     at emitTwo (events.js:106:13)
14 verbose stack     at EventEmitter.emit (events.js:191:7)
14 verbose stack     at ChildProcess.<anonymous> (/Users/raysmith/.node/lib/node_modules/npm/lib/utils/spawn.js:24:14)
14 verbose stack     at emitTwo (events.js:106:13)
14 verbose stack     at ChildProcess.emit (events.js:191:7)
14 verbose stack     at maybeClose (internal/child_process.js:850:16)
14 verbose stack     at Process.ChildProcess._handle.onexit (internal/child_process.js:215:5)
15 verbose pkgid events-list-app@1.0.0
16 verbose cwd /Users/raysmith/Documents/hunkydory/xcodeIOSProjects/EventsList/web/app
17 error Darwin 15.6.0
18 error argv "/Users/raysmith/.node/bin/node" "/Users/raysmith/.node/bin/npm" "run" "start"
19 error node v6.1.0
20 error npm  v3.8.6
21 error code ELIFECYCLE
22 error events-list-app@1.0.0 start: `webpack-dev-server --inline`
22 error Exit status 1
23 error Failed at the events-list-app@1.0.0 start script 'webpack-dev-server --inline'.
23 error Make sure you have the latest version of node.js and npm installed.
23 error If you do, this is most likely a problem with the events-list-app package,
23 error not with npm itself.
23 error Tell the author that this fails on your system:
23 error     webpack-dev-server --inline
23 error You can get information on how to open an issue for this project with:
23 error     npm bugs events-list-app
23 error Or if that isn't available, you can get their info via:
23 error     npm owner ls events-list-app
23 error There is likely additional logging output above.
24 verbose exit [ 1, true ]
